<?xml version="1.0" encoding="UTF-8"?>
<testsuite name="com.codestates.Section3Week1ApplicationTests" tests="1" skipped="0" failures="0" errors="0" timestamp="2022-10-20T05:38:25" hostname="DESKTOP-64U99CE" time="0.478">
  <properties/>
  <testcase name="contextLoads()" classname="com.codestates.Section3Week1ApplicationTests" time="0.478"/>
  <system-out><![CDATA[14:38:22.775 [Test worker] DEBUG org.springframework.test.context.BootstrapUtils - Instantiating CacheAwareContextLoaderDelegate from class [org.springframework.test.context.cache.DefaultCacheAwareContextLoaderDelegate]
14:38:22.804 [Test worker] DEBUG org.springframework.test.context.BootstrapUtils - Instantiating BootstrapContext using constructor [public org.springframework.test.context.support.DefaultBootstrapContext(java.lang.Class,org.springframework.test.context.CacheAwareContextLoaderDelegate)]
14:38:22.856 [Test worker] DEBUG org.springframework.test.context.BootstrapUtils - Instantiating TestContextBootstrapper for test class [com.codestates.Section3Week1ApplicationTests] from class [org.springframework.boot.test.context.SpringBootTestContextBootstrapper]
14:38:22.872 [Test worker] INFO org.springframework.boot.test.context.SpringBootTestContextBootstrapper - Neither @ContextConfiguration nor @ContextHierarchy found for test class [com.codestates.Section3Week1ApplicationTests], using SpringBootContextLoader
14:38:22.881 [Test worker] DEBUG org.springframework.test.context.support.AbstractContextLoader - Did not detect default resource location for test class [com.codestates.Section3Week1ApplicationTests]: class path resource [com/codestates/Section3Week1ApplicationTests-context.xml] does not exist
14:38:22.882 [Test worker] DEBUG org.springframework.test.context.support.AbstractContextLoader - Did not detect default resource location for test class [com.codestates.Section3Week1ApplicationTests]: class path resource [com/codestates/Section3Week1ApplicationTestsContext.groovy] does not exist
14:38:22.882 [Test worker] INFO org.springframework.test.context.support.AbstractContextLoader - Could not detect default resource locations for test class [com.codestates.Section3Week1ApplicationTests]: no resource found for suffixes {-context.xml, Context.groovy}.
14:38:22.883 [Test worker] INFO org.springframework.test.context.support.AnnotationConfigContextLoaderUtils - Could not detect default configuration classes for test class [com.codestates.Section3Week1ApplicationTests]: Section3Week1ApplicationTests does not declare any static, non-private, non-final, nested classes annotated with @Configuration.
14:38:22.962 [Test worker] DEBUG org.springframework.test.context.support.ActiveProfilesUtils - Could not find an 'annotation declaring class' for annotation type [org.springframework.test.context.ActiveProfiles] and class [com.codestates.Section3Week1ApplicationTests]
14:38:23.072 [Test worker] DEBUG org.springframework.context.annotation.ClassPathScanningCandidateComponentProvider - Identified candidate component class: file [C:\Users\chicken\Desktop\Spring\section3-week1\build\classes\java\main\com\codestates\Section3Week1Application.class]
14:38:23.074 [Test worker] INFO org.springframework.boot.test.context.SpringBootTestContextBootstrapper - Found @SpringBootConfiguration com.codestates.Section3Week1Application for test class com.codestates.Section3Week1ApplicationTests
14:38:23.208 [Test worker] DEBUG org.springframework.boot.test.context.SpringBootTestContextBootstrapper - @TestExecutionListeners is not present for class [com.codestates.Section3Week1ApplicationTests]: using defaults.
14:38:23.208 [Test worker] INFO org.springframework.boot.test.context.SpringBootTestContextBootstrapper - Loaded default TestExecutionListener class names from location [META-INF/spring.factories]: [org.springframework.boot.test.autoconfigure.restdocs.RestDocsTestExecutionListener, org.springframework.boot.test.autoconfigure.web.client.MockRestServiceServerResetTestExecutionListener, org.springframework.boot.test.autoconfigure.web.servlet.MockMvcPrintOnlyOnFailureTestExecutionListener, org.springframework.boot.test.autoconfigure.web.servlet.WebDriverTestExecutionListener, org.springframework.boot.test.autoconfigure.webservices.client.MockWebServiceServerTestExecutionListener, org.springframework.boot.test.mock.mockito.MockitoTestExecutionListener, org.springframework.boot.test.mock.mockito.ResetMocksTestExecutionListener, org.springframework.test.context.web.ServletTestExecutionListener, org.springframework.test.context.support.DirtiesContextBeforeModesTestExecutionListener, org.springframework.test.context.event.ApplicationEventsTestExecutionListener, org.springframework.test.context.support.DependencyInjectionTestExecutionListener, org.springframework.test.context.support.DirtiesContextTestExecutionListener, org.springframework.test.context.transaction.TransactionalTestExecutionListener, org.springframework.test.context.jdbc.SqlScriptsTestExecutionListener, org.springframework.test.context.event.EventPublishingTestExecutionListener]
14:38:23.222 [Test worker] DEBUG org.springframework.boot.test.context.SpringBootTestContextBootstrapper - Skipping candidate TestExecutionListener [org.springframework.test.context.transaction.TransactionalTestExecutionListener] due to a missing dependency. Specify custom listener classes or make the default listener classes and their required dependencies available. Offending class: [org/springframework/transaction/interceptor/TransactionAttributeSource]
14:38:23.223 [Test worker] DEBUG org.springframework.boot.test.context.SpringBootTestContextBootstrapper - Skipping candidate TestExecutionListener [org.springframework.test.context.jdbc.SqlScriptsTestExecutionListener] due to a missing dependency. Specify custom listener classes or make the default listener classes and their required dependencies available. Offending class: [org/springframework/transaction/interceptor/TransactionAttribute]
14:38:23.223 [Test worker] INFO org.springframework.boot.test.context.SpringBootTestContextBootstrapper - Using TestExecutionListeners: [org.springframework.test.context.web.ServletTestExecutionListener@51684e4a, org.springframework.test.context.support.DirtiesContextBeforeModesTestExecutionListener@6ce1f601, org.springframework.test.context.event.ApplicationEventsTestExecutionListener@38875e7d, org.springframework.boot.test.mock.mockito.MockitoTestExecutionListener@1e886a5b, org.springframework.boot.test.autoconfigure.SpringBootDependencyInjectionTestExecutionListener@d816dde, org.springframework.test.context.support.DirtiesContextTestExecutionListener@6e33c391, org.springframework.test.context.event.EventPublishingTestExecutionListener@6c451c9c, org.springframework.boot.test.autoconfigure.restdocs.RestDocsTestExecutionListener@31c269fd, org.springframework.boot.test.autoconfigure.web.client.MockRestServiceServerResetTestExecutionListener@372b0d86, org.springframework.boot.test.autoconfigure.web.servlet.MockMvcPrintOnlyOnFailureTestExecutionListener@47747fb9, org.springframework.boot.test.autoconfigure.web.servlet.WebDriverTestExecutionListener@3113a37, org.springframework.boot.test.autoconfigure.webservices.client.MockWebServiceServerTestExecutionListener@213e3629, org.springframework.boot.test.mock.mockito.ResetMocksTestExecutionListener@4e9658b5]
14:38:23.231 [Test worker] DEBUG org.springframework.test.context.support.AbstractDirtiesContextTestExecutionListener - Before test class: context [DefaultTestContext@4d9d1b69 testClass = Section3Week1ApplicationTests, testInstance = [null], testMethod = [null], testException = [null], mergedContextConfiguration = [WebMergedContextConfiguration@52c8295b testClass = Section3Week1ApplicationTests, locations = '{}', classes = '{class com.codestates.Section3Week1Application}', contextInitializerClasses = '[]', activeProfiles = '{}', propertySourceLocations = '{}', propertySourceProperties = '{org.springframework.boot.test.context.SpringBootTestContextBootstrapper=true}', contextCustomizers = set[org.springframework.boot.test.autoconfigure.actuate.metrics.MetricsExportContextCustomizerFactory$DisableMetricExportContextCustomizer@3dd1dc90, org.springframework.boot.test.autoconfigure.properties.PropertyMappingContextCustomizer@0, org.springframework.boot.test.autoconfigure.web.servlet.WebDriverContextCustomizerFactory$Customizer@75f65e45, org.springframework.boot.test.context.filter.ExcludeFilterContextCustomizer@75390459, org.springframework.boot.test.json.DuplicateJsonObjectContextCustomizerFactory$DuplicateJsonObjectContextCustomizer@57fd91c9, org.springframework.boot.test.mock.mockito.MockitoContextCustomizer@0, org.springframework.boot.test.web.client.TestRestTemplateContextCustomizer@25e2a451, org.springframework.boot.test.context.SpringBootTestArgs@1, org.springframework.boot.test.context.SpringBootTestWebEnvironment@4c5ae43b], resourceBasePath = 'src/main/webapp', contextLoader = 'org.springframework.boot.test.context.SpringBootContextLoader', parent = [null]], attributes = map['org.springframework.test.context.web.ServletTestExecutionListener.activateListener' -> true]], class annotated with @DirtiesContext [false] with mode [null].

  .   ____          _            __ _ _
 /\\ / ___'_ __ _ _(_)_ __  __ _ \ \ \ \
( ( )\___ | '_ | '_| | '_ \/ _` | \ \ \ \
 \\/  ___)| |_)| | | | | || (_| |  ) ) ) )
  '  |____| .__|_| |_|_| |_\__, | / / / /
 =========|_|==============|___/=/_/_/_/
 :: Spring Boot ::                (v2.7.4)

2022-10-20 14:38:23.807  INFO 14716 --- [    Test worker] c.c.Section3Week1ApplicationTests        : Starting Section3Week1ApplicationTests using Java 11.0.16 on DESKTOP-64U99CE with PID 14716 (started by chicken in C:\Users\chicken\Desktop\Spring\section3-week1)
2022-10-20 14:38:23.808  INFO 14716 --- [    Test worker] c.c.Section3Week1ApplicationTests        : No active profile set, falling back to 1 default profile: "default"
2022-10-20 14:38:25.612  INFO 14716 --- [    Test worker] c.c.Section3Week1ApplicationTests        : Started Section3Week1ApplicationTests in 2.298 seconds (JVM running for 4.782)
]]></system-out>
  <system-err><![CDATA[]]></system-err>
</testsuite>
